2016-05-02 07:21:21 [@DESKTOP-DAKR9OR]
Interne #1 : Démarrage createinquest
2016-05-02 07:21:45 [@DESKTOP-DAKR9OR]
Interne #1 : Démarrage watcher
2016-05-02 07:24:28 [2@DESKTOP-DAKR9OR]
Interne #1 : Démarrage ticketrecurrent
2016-05-02 07:32:45 [2@DESKTOP-DAKR9OR]
Interne #1 : Démarrage planningrecall
2016-05-02 07:43:48 [2@DESKTOP-DAKR9OR]
Internal #1: Launch queuedmail
2016-05-02 07:58:06 [2@DESKTOP-DAKR9OR]
Internal #1: Launch queuedmailclean
2016-05-02 08:05:12 [2@DESKTOP-DAKR9OR]
Internal #1: Launch temp
2016-05-02 08:15:24 [2@DESKTOP-DAKR9OR]
Internal #1: Launch mailgateerror
2016-05-02 08:22:48 [2@DESKTOP-DAKR9OR]
Internal #1: Launch contract
2016-05-02 08:27:54 [2@DESKTOP-DAKR9OR]
Internal #1: Launch infocom
2016-05-02 08:46:32 [2@DESKTOP-DAKR9OR]
Internal #1: Launch optimize
2016-05-02 08:56:29 [2@DESKTOP-DAKR9OR]
Internal #1: Launch mailgate
2016-05-02 09:01:40 [2@DESKTOP-DAKR9OR]
Internal #1: Launch session
2016-05-02 09:18:17 [2@DESKTOP-DAKR9OR]
Internal #1: Launch graph
2016-05-02 09:23:35 [2@DESKTOP-DAKR9OR]
Internal #1: Launch reservation
2016-05-02 09:30:14 [2@DESKTOP-DAKR9OR]
Internal #1: Launch closeticket
2016-05-02 09:43:44 [2@DESKTOP-DAKR9OR]
Internal #1: Launch alertnotclosed
2016-05-02 09:54:28 [@DESKTOP-DAKR9OR]
Interne #1 : Démarrage slaticket
2016-05-02 11:57:41 [2@DESKTOP-DAKR9OR]
Internal #1: Launch planningrecall
2016-05-02 12:10:48 [2@DESKTOP-DAKR9OR]
Internal #1: Launch queuedmail
2016-05-02 12:30:49 [2@DESKTOP-DAKR9OR]
Internal #1: Launch ticketrecurrent
2016-05-02 12:44:18 [2@DESKTOP-DAKR9OR]
Internal #1: Launch temp
2016-05-02 13:00:36 [2@DESKTOP-DAKR9OR]
Internal #1: Launch mailgate
2016-05-02 13:00:42 [@DESKTOP-DAKR9OR]
Interne #1 : Démarrage slaticket
2016-05-02 13:08:47 [2@DESKTOP-DAKR9OR]
Internal #1: Launch graph
2016-05-02 13:18:19 [2@DESKTOP-DAKR9OR]
Internal #1: Launch reservation
2016-05-02 13:19:33 [@DESKTOP-DAKR9OR]
Interne #1 : Démarrage planningrecall
2016-05-02 13:22:32 [@DESKTOP-DAKR9OR]
Interne #1 : Démarrage queuedmail
2016-05-02 13:42:26 [2@DESKTOP-DAKR9OR]
Internal #1: Launch slaticket
2016-05-02 13:54:51 [2@DESKTOP-DAKR9OR]
Internal #1: Launch mailgate
2016-05-02 14:01:43 [2@DESKTOP-DAKR9OR]
Internal #1: Launch queuedmail
2016-05-02 14:15:03 [2@DESKTOP-DAKR9OR]
Internal #1: Launch planningrecall
2016-05-02 14:20:11 [2@DESKTOP-DAKR9OR]
Internal #1: Launch ticketrecurrent
2016-05-02 14:37:05 [2@DESKTOP-DAKR9OR]
Internal #1: Launch temp
2016-05-02 14:51:32 [2@DESKTOP-DAKR9OR]
Internal #1: Launch slaticket
2016-05-02 15:33:51 [2@DESKTOP-DAKR9OR]
Internal #1: Launch queuedmail
2016-05-02 15:39:16 [2@DESKTOP-DAKR9OR]
Internal #1: Launch mailgate
2016-05-02 16:00:47 [2@DESKTOP-DAKR9OR]
Internal #1: Launch graph
2016-05-03 06:41:04 [2@DESKTOP-DAKR9OR]
Internal #1: Launch reservation
2016-05-03 06:52:53 [2@DESKTOP-DAKR9OR]
Internal #1: Launch planningrecall
2016-05-03 06:57:56 [2@DESKTOP-DAKR9OR]
Internal #1: Launch slaticket
2016-05-03 07:15:28 [2@DESKTOP-DAKR9OR]
Internal #1: Launch ticketrecurrent
2016-05-03 07:30:10 [2@DESKTOP-DAKR9OR]
Internal #1: Launch queuedmail
2016-05-03 07:39:42 [2@DESKTOP-DAKR9OR]
Internal #1: Launch temp
2016-05-03 08:02:27 [2@DESKTOP-DAKR9OR]
Internal #1: Launch mailgate
2016-05-03 08:08:47 [2@DESKTOP-DAKR9OR]
Internal #1: Launch graph
2016-05-03 08:21:51 [2@DESKTOP-DAKR9OR]
Internal #1: Launch closeticket
2016-05-03 09:04:16 [2@DESKTOP-DAKR9OR]
Internal #1: Launch alertnotclosed
2016-05-03 09:07:33 [@DESKTOP-DAKR9OR]
Interne #1 : Démarrage planningrecall
2016-05-03 09:17:17 [2@DESKTOP-DAKR9OR]
Internal #1: Launch slaticket
2016-05-03 09:25:22 [2@DESKTOP-DAKR9OR]
Internal #1: Launch createinquest
2016-05-03 09:33:43 [2@DESKTOP-DAKR9OR]
Internal #1: Launch watcher
2016-05-03 09:42:30 [2@DESKTOP-DAKR9OR]
Internal #1: Launch queuedmail
2016-05-03 09:48:15 [2@DESKTOP-DAKR9OR]
Internal #1: Launch reservation
2016-05-03 09:53:18 [2@DESKTOP-DAKR9OR]
Internal #1: Launch queuedmailclean
2016-05-03 12:02:48 [2@DESKTOP-DAKR9OR]
Internal #1: Launch mailgate
2016-05-03 12:10:48 [2@DESKTOP-DAKR9OR]
Internal #1: Launch ticketrecurrent
2016-05-03 12:16:29 [2@DESKTOP-DAKR9OR]
Internal #1: Launch mailgateerror
2016-05-03 12:23:30 [2@DESKTOP-DAKR9OR]
Internal #1: Launch contract
2016-05-03 12:28:49 [2@DESKTOP-DAKR9OR]
Internal #1: Launch infocom
2016-05-03 12:34:47 [2@DESKTOP-DAKR9OR]
Internal #1: Launch temp
2016-05-03 12:40:30 [2@DESKTOP-DAKR9OR]
Internal #1: Launch session
2016-05-03 13:56:03 [2@DESKTOP-DAKR9OR]
Internal #1: Launch graph
2016-05-03 14:02:27 [2@DESKTOP-DAKR9OR]
Internal #1: Launch planningrecall
2016-05-03 14:08:19 [2@DESKTOP-DAKR9OR]
Internal #1: Launch slaticket
2016-05-03 14:15:23 [2@DESKTOP-DAKR9OR]
Internal #1: Launch queuedmail
2016-05-03 14:20:40 [2@DESKTOP-DAKR9OR]
Internal #1: Launch reservation
2016-05-03 14:25:56 [2@DESKTOP-DAKR9OR]
Internal #1: Launch mailgate
2016-05-03 14:34:13 [2@DESKTOP-DAKR9OR]
Internal #1: Launch ticketrecurrent
2016-05-03 14:44:21 [2@DESKTOP-DAKR9OR]
Internal #1: Launch temp
2016-05-03 14:49:24 [2@DESKTOP-DAKR9OR]
Internal #1: Launch planningrecall
2016-05-03 14:56:00 [@DESKTOP-DAKR9OR]
Interne #1 : Démarrage slaticket
2016-05-03 15:10:47 [2@DESKTOP-DAKR9OR]
Internal #1: Launch queuedmail
2016-05-03 15:27:47 [2@DESKTOP-DAKR9OR]
Internal #1: Launch mailgate
2016-05-03 15:36:24 [2@DESKTOP-DAKR9OR]
Internal #1: Launch planningrecall
2016-05-03 15:51:29 [2@DESKTOP-DAKR9OR]
Internal #1: Launch graph
2016-05-03 15:56:30 [2@DESKTOP-DAKR9OR]
Internal #1: Launch slaticket
2016-05-04 06:39:29 [2@DESKTOP-DAKR9OR]
Internal #1: Launch queuedmail
2016-05-04 06:44:54 [2@DESKTOP-DAKR9OR]
Internal #1: Launch reservation
2016-05-04 06:52:19 [2@DESKTOP-DAKR9OR]
Internal #1: Launch ticketrecurrent
2016-05-04 07:02:09 [2@DESKTOP-DAKR9OR]
Internal #1: Launch mailgate
2016-05-04 07:11:17 [2@DESKTOP-DAKR9OR]
Internal #1: Launch planningrecall
2016-05-04 07:21:12 [2@DESKTOP-DAKR9OR]
Internal #1: Launch temp
2016-05-04 07:26:58 [2@DESKTOP-DAKR9OR]
Internal #1: Launch slaticket
2016-05-04 07:35:00 [2@DESKTOP-DAKR9OR]
Internal #1: Launch graph
2016-05-04 07:40:16 [2@DESKTOP-DAKR9OR]
Internal #1: Launch closeticket
2016-05-04 07:48:48 [2@DESKTOP-DAKR9OR]
Internal #1: Launch alertnotclosed
2016-05-04 07:50:04 [@DESKTOP-DAKR9OR]
Interne #1 : Démarrage queuedmail
2016-05-04 08:10:39 [2@DESKTOP-DAKR9OR]
Internal #1: Launch mailgate
2016-05-04 08:50:16 [2@DESKTOP-DAKR9OR]
Internal #1: Launch planningrecall
2016-05-04 08:56:37 [2@DESKTOP-DAKR9OR]
Internal #1: Launch slaticket
2016-05-04 09:10:05 [2@DESKTOP-DAKR9OR]
Internal #1: Launch reservation
2016-05-04 09:18:17 [2@DESKTOP-DAKR9OR]
Internal #1: Launch queuedmail
2016-05-04 09:32:37 [2@DESKTOP-DAKR9OR]
Internal #1: Launch ticketrecurrent
2016-05-04 09:52:59 [2@DESKTOP-DAKR9OR]
Internal #1: Launch mailgate
2016-05-04 12:15:35 [2@DESKTOP-DAKR9OR]
Internal #1: Launch temp
2016-05-04 12:29:07 [2@DESKTOP-DAKR9OR]
Internal #1: Launch graph
2016-05-04 12:35:11 [2@DESKTOP-DAKR9OR]
Internal #1: Launch planningrecall
2016-05-04 12:52:02 [2@DESKTOP-DAKR9OR]
Internal #1: Launch slaticket
2016-05-04 13:12:18 [2@DESKTOP-DAKR9OR]
Internal #1: Launch queuedmail
2016-05-04 13:33:42 [2@DESKTOP-DAKR9OR]
Internal #1: Launch createinquest
2016-05-04 13:44:00 [2@DESKTOP-DAKR9OR]
Internal #1: Launch watcher
2016-05-04 13:53:58 [2@DESKTOP-DAKR9OR]
Internal #1: Launch queuedmailclean
2016-05-04 13:59:31 [2@DESKTOP-DAKR9OR]
Internal #1: Launch mailgate
2016-05-04 14:07:17 [2@DESKTOP-DAKR9OR]
Internal #1: Launch reservation
2016-05-04 14:36:41 [2@DESKTOP-DAKR9OR]
Internal #1: Launch ticketrecurrent
2016-05-04 14:43:30 [2@DESKTOP-DAKR9OR]
Internal #1: Launch mailgateerror
2016-05-04 15:07:14 [2@DESKTOP-DAKR9OR]
Internal #1: Launch contract
2016-05-04 15:13:22 [2@DESKTOP-DAKR9OR]
Internal #1: Launch infocom
2016-05-04 15:52:30 [2@DESKTOP-DAKR9OR]
Internal #1: Launch session
2016-05-09 06:43:25 [@DESKTOP-DAKR9OR]
Interne #1 : Démarrage planningrecall
2016-05-09 06:54:36 [2@DESKTOP-DAKR9OR]
Internal #1: Launch slaticket
2016-05-09 07:02:30 [2@DESKTOP-DAKR9OR]
Internal #1: Launch queuedmail
2016-05-09 07:08:17 [2@DESKTOP-DAKR9OR]
Internal #1: Launch temp
2016-05-09 07:13:25 [2@DESKTOP-DAKR9OR]
Internal #1: Launch graph
2016-05-09 07:19:30 [2@DESKTOP-DAKR9OR]
Internal #1: Launch mailgate
2016-05-09 07:27:00 [2@DESKTOP-DAKR9OR]
Internal #1: Launch reservation
2016-05-09 07:32:58 [2@DESKTOP-DAKR9OR]
Internal #1: Launch ticketrecurrent
2016-05-09 07:42:30 [2@DESKTOP-DAKR9OR]
Internal #1: Launch closeticket
2016-05-09 07:47:44 [2@DESKTOP-DAKR9OR]
Internal #1: Launch alertnotclosed
2016-05-09 08:07:27 [2@DESKTOP-DAKR9OR]
Internal #1: Launch createinquest
2016-05-09 08:18:46 [2@DESKTOP-DAKR9OR]
Internal #1: Launch watcher
2016-05-09 08:33:26 [2@DESKTOP-DAKR9OR]
Internal #1: Launch queuedmailclean
2016-05-09 09:19:04 [2@DESKTOP-DAKR9OR]
Internal #1: Launch mailgateerror
2016-05-09 09:24:57 [2@DESKTOP-DAKR9OR]
Internal #1: Launch contract
2016-05-09 09:49:38 [2@DESKTOP-DAKR9OR]
Internal #1: Launch infocom
2016-05-09 10:02:23 [2@DESKTOP-DAKR9OR]
Internal #1: Launch session
2016-05-09 12:02:21 [2@DESKTOP-DAKR9OR]
Internal #1: Launch planningrecall
2016-05-09 12:13:23 [2@DESKTOP-DAKR9OR]
Internal #1: Launch slaticket
2016-05-09 12:22:06 [2@DESKTOP-DAKR9OR]
Internal #1: Launch queuedmail
2016-05-09 12:38:19 [2@DESKTOP-DAKR9OR]
Internal #1: Launch mailgate
2016-05-09 12:43:45 [2@DESKTOP-DAKR9OR]
Internal #1: Launch temp
2016-05-09 12:50:49 [2@DESKTOP-DAKR9OR]
Internal #1: Launch graph
2016-05-09 12:58:32 [2@DESKTOP-DAKR9OR]
Internal #1: Launch reservation
2016-05-09 13:06:14 [2@DESKTOP-DAKR9OR]
Internal #1: Launch ticketrecurrent
2016-05-09 13:52:28 [2@DESKTOP-DAKR9OR]
Internal #1: Launch optimize
2016-05-09 14:24:33 [2@DESKTOP-DAKR9OR]
Internal #1: Launch planningrecall
2016-05-09 14:33:32 [2@DESKTOP-DAKR9OR]
Internal #1: Launch slaticket
2016-05-09 14:42:34 [2@DESKTOP-DAKR9OR]
Internal #1: Launch queuedmail
2016-05-09 15:03:56 [2@DESKTOP-DAKR9OR]
Internal #1: Launch mailgate
2016-05-09 15:20:11 [2@DESKTOP-DAKR9OR]
Internal #1: Launch temp
2016-05-09 15:35:30 [2@DESKTOP-DAKR9OR]
Internal #1: Launch graph
2016-05-09 15:48:35 [2@DESKTOP-DAKR9OR]
Internal #1: Launch reservation
2016-05-09 15:59:38 [2@DESKTOP-DAKR9OR]
Internal #1: Launch ticketrecurrent
2016-05-10 06:47:23 [2@DESKTOP-DAKR9OR]
Internal #1: Launch planningrecall
2016-05-10 06:53:11 [2@DESKTOP-DAKR9OR]
Internal #1: Launch slaticket
2016-05-10 06:58:13 [2@DESKTOP-DAKR9OR]
Internal #1: Launch queuedmail
2016-05-10 07:04:34 [2@DESKTOP-DAKR9OR]
Internal #1: Launch mailgate
2016-05-10 07:10:33 [2@DESKTOP-DAKR9OR]
Internal #1: Launch temp
2016-05-10 07:16:48 [2@DESKTOP-DAKR9OR]
Internal #1: Launch graph
2016-05-10 07:22:01 [2@DESKTOP-DAKR9OR]
Internal #1: Launch reservation
2016-05-10 07:27:05 [2@DESKTOP-DAKR9OR]
Internal #1: Launch ticketrecurrent
2016-05-10 07:35:37 [2@DESKTOP-DAKR9OR]
Internal #1: Launch closeticket
2016-05-10 07:44:44 [2@DESKTOP-DAKR9OR]
Internal #1: Launch alertnotclosed
2016-05-10 07:50:23 [2@DESKTOP-DAKR9OR]
Internal #1: Launch planningrecall
2016-05-10 07:55:42 [2@DESKTOP-DAKR9OR]
Internal #1: Launch slaticket
2016-05-10 08:09:23 [2@DESKTOP-DAKR9OR]
Internal #1: Launch queuedmail
2016-05-10 08:21:18 [2@DESKTOP-DAKR9OR]
Internal #1: Launch mailgate
2016-05-10 08:28:53 [2@DESKTOP-DAKR9OR]
Internal #1: Launch planningrecall
2016-05-10 08:45:00 [2@DESKTOP-DAKR9OR]
Internal #1: Launch slaticket
2016-05-10 08:52:13 [2@DESKTOP-DAKR9OR]
Internal #1: Launch createinquest
2016-05-10 09:23:27 [2@DESKTOP-DAKR9OR]
Internal #1: Launch queuedmail
2016-05-10 12:24:50 [2@DESKTOP-DAKR9OR]
Internal #1: Launch temp
2016-05-10 12:33:49 [2@DESKTOP-DAKR9OR]
Internal #1: Launch graph
2016-05-10 12:46:55 [2@DESKTOP-DAKR9OR]
Internal #1: Launch watcher
2016-05-10 13:02:55 [2@DESKTOP-DAKR9OR]
Internal #1: Launch reservation
2016-05-10 13:08:16 [2@DESKTOP-DAKR9OR]
Internal #1: Launch ticketrecurrent
2016-05-10 13:14:31 [2@DESKTOP-DAKR9OR]
Internal #1: Launch mailgate
2016-05-10 13:19:38 [2@DESKTOP-DAKR9OR]
Internal #1: Launch planningrecall
2016-05-10 13:24:42 [2@DESKTOP-DAKR9OR]
Internal #1: Launch queuedmailclean
2016-05-10 14:06:04 [2@DESKTOP-DAKR9OR]
Internal #1: Launch slaticket
2016-05-10 14:13:10 [2@DESKTOP-DAKR9OR]
Internal #1: Launch mailgateerror
2016-05-10 14:22:14 [2@DESKTOP-DAKR9OR]
Internal #1: Launch contract
2016-05-10 15:09:30 [2@DESKTOP-DAKR9OR]
Internal #1: Launch queuedmail
2016-05-10 15:21:55 [2@DESKTOP-DAKR9OR]
Internal #1: Launch infocom
2016-05-10 15:31:14 [2@DESKTOP-DAKR9OR]
Internal #1: Launch session
2016-05-10 15:36:26 [2@DESKTOP-DAKR9OR]
Internal #1: Launch mailgate
2016-05-10 15:41:33 [2@DESKTOP-DAKR9OR]
Internal #1: Launch planningrecall
2016-05-10 15:54:01 [2@DESKTOP-DAKR9OR]
Internal #1: Launch temp
2016-05-11 07:11:31 [2@DESKTOP-DAKR9OR]
Internal #1: Launch graph
2016-05-11 07:16:42 [2@DESKTOP-DAKR9OR]
Internal #1: Launch reservation
2016-05-11 08:04:43 [2@DESKTOP-DAKR9OR]
Internal #1: Launch ticketrecurrent
2016-05-11 08:10:51 [2@DESKTOP-DAKR9OR]
Internal #1: Launch slaticket
2016-05-11 08:18:09 [2@DESKTOP-DAKR9OR]
Internal #1: Launch queuedmail
2016-05-11 08:25:20 [2@DESKTOP-DAKR9OR]
Internal #1: Launch mailgate
2016-05-11 08:33:53 [2@DESKTOP-DAKR9OR]
Internal #1: Launch planningrecall
2016-05-11 08:44:31 [2@DESKTOP-DAKR9OR]
Internal #1: Launch temp
2016-05-11 08:57:26 [2@DESKTOP-DAKR9OR]
Internal #1: Launch closeticket
2016-05-11 09:09:29 [2@DESKTOP-DAKR9OR]
Internal #1: Launch alertnotclosed
2016-05-11 09:18:33 [2@DESKTOP-DAKR9OR]
Internal #1: Launch graph
2016-05-11 09:24:13 [2@DESKTOP-DAKR9OR]
Internal #1: Launch slaticket
2016-05-11 09:39:24 [2@DESKTOP-DAKR9OR]
Internal #1: Launch reservation
2016-05-11 09:50:02 [2@DESKTOP-DAKR9OR]
Internal #1: Launch queuedmail
2016-05-11 12:15:55 [2@DESKTOP-DAKR9OR]
Internal #1: Launch mailgate
2016-05-11 12:30:50 [2@DESKTOP-DAKR9OR]
Internal #1: Launch planningrecall
2016-05-11 12:37:57 [2@DESKTOP-DAKR9OR]
Internal #1: Launch createinquest
2016-05-11 12:50:49 [2@DESKTOP-DAKR9OR]
Internal #1: Launch ticketrecurrent
2016-05-11 13:15:36 [@DESKTOP-DAKR9OR]
Interne #1 : Démarrage slaticket
2016-05-11 13:22:19 [2@DESKTOP-DAKR9OR]
Internal #1: Launch temp
2016-05-11 13:31:33 [2@DESKTOP-DAKR9OR]
Internal #1: Launch queuedmail
2016-05-11 13:36:45 [2@DESKTOP-DAKR9OR]
Internal #1: Launch graph
2016-05-11 13:42:33 [2@DESKTOP-DAKR9OR]
Internal #1: Launch reservation
2016-05-11 13:52:06 [2@DESKTOP-DAKR9OR]
Internal #1: Launch mailgate
2016-05-11 14:51:23 [2@DESKTOP-DAKR9OR]
Internal #1: Launch planningrecall
2016-05-11 14:57:52 [2@DESKTOP-DAKR9OR]
Internal #1: Launch watcher
2016-05-11 15:04:04 [2@DESKTOP-DAKR9OR]
Internal #1: Launch slaticket
2016-05-11 15:09:47 [2@DESKTOP-DAKR9OR]
Internal #1: Launch queuedmailclean
2016-05-11 15:15:02 [2@DESKTOP-DAKR9OR]
Internal #1: Launch queuedmail
2016-05-11 15:20:43 [2@DESKTOP-DAKR9OR]
Internal #1: Launch ticketrecurrent
2016-05-11 15:26:03 [2@DESKTOP-DAKR9OR]
Internal #1: Launch mailgate
2016-05-11 15:33:53 [2@DESKTOP-DAKR9OR]
Internal #1: Launch mailgateerror
2016-05-11 15:39:22 [2@DESKTOP-DAKR9OR]
Internal #1: Launch contract
2016-05-11 15:44:26 [2@DESKTOP-DAKR9OR]
Internal #1: Launch temp
2016-05-11 15:50:26 [2@DESKTOP-DAKR9OR]
Internal #1: Launch graph
2016-05-11 15:58:09 [2@DESKTOP-DAKR9OR]
Internal #1: Launch reservation
2016-05-11 16:03:35 [2@DESKTOP-DAKR9OR]
Internal #1: Launch planningrecall
2016-05-12 06:40:03 [2@DESKTOP-DAKR9OR]
Internal #1: Launch slaticket
2016-05-12 06:45:08 [2@DESKTOP-DAKR9OR]
Internal #1: Launch queuedmail
2016-05-12 06:50:10 [2@DESKTOP-DAKR9OR]
Internal #1: Launch infocom
2016-05-12 07:03:34 [2@DESKTOP-DAKR9OR]
Internal #1: Launch session
2016-05-12 07:08:50 [2@DESKTOP-DAKR9OR]
Internal #1: Launch mailgate
2016-05-12 07:15:18 [2@DESKTOP-DAKR9OR]
Internal #1: Launch planningrecall
2016-05-12 07:23:57 [2@DESKTOP-DAKR9OR]
Internal #1: Launch ticketrecurrent
2016-05-12 07:31:40 [2@DESKTOP-DAKR9OR]
Internal #1: Launch temp
2016-05-12 07:36:57 [2@DESKTOP-DAKR9OR]
Internal #1: Launch graph
2016-05-12 07:47:43 [2@DESKTOP-DAKR9OR]
Internal #1: Launch reservation
2016-05-12 07:53:01 [2@DESKTOP-DAKR9OR]
Internal #1: Launch closeticket
2016-05-12 07:58:20 [2@DESKTOP-DAKR9OR]
Internal #1: Launch alertnotclosed
2016-05-12 08:03:33 [2@DESKTOP-DAKR9OR]
Internal #1: Launch slaticket
2016-05-12 08:57:21 [2@DESKTOP-DAKR9OR]
Internal #1: Launch queuedmail
2016-05-12 09:05:33 [2@DESKTOP-DAKR9OR]
Internal #1: Launch mailgate
2016-05-12 09:12:27 [2@DESKTOP-DAKR9OR]
Internal #1: Launch planningrecall
2016-05-12 09:17:36 [2@DESKTOP-DAKR9OR]
Internal #1: Launch slaticket
2016-05-12 09:23:56 [2@DESKTOP-DAKR9OR]
Internal #1: Launch ticketrecurrent
2016-05-12 09:29:19 [@DESKTOP-DAKR9OR]
Interne #1 : Démarrage temp
2016-05-12 09:30:39 [@DESKTOP-DAKR9OR]
Interne #1 : Démarrage graph
2016-05-12 09:31:02 [@DESKTOP-DAKR9OR]
Interne #1 : Démarrage reservation
2016-05-12 09:31:30 [@DESKTOP-DAKR9OR]
Interne #1 : Démarrage queuedmail
2016-05-12 09:31:58 [@DESKTOP-DAKR9OR]
Interne #1 : Démarrage mailgate
2016-05-12 09:32:08 [@DESKTOP-DAKR9OR]
Interne #1 : Démarrage planningrecall
2016-05-12 09:32:41 [@DESKTOP-DAKR9OR]
Interne #1 : Démarrage slaticket
2016-05-12 09:33:14 [@DESKTOP-DAKR9OR]
Interne #1 : Démarrage queuedmail
2016-05-12 09:37:14 [@DESKTOP-DAKR9OR]
Interne #1 : Démarrage queuedmail
2016-05-12 09:38:10 [@DESKTOP-DAKR9OR]
Interne #1 : Démarrage slaticket
2016-05-12 09:39:50 [@DESKTOP-DAKR9OR]
Interne #1 : Démarrage planningrecall
2016-05-12 09:40:27 [@DESKTOP-DAKR9OR]
Interne #1 : Démarrage queuedmail
2016-05-12 09:41:23 [@DESKTOP-DAKR9OR]
Interne #1 : Démarrage mailgate
2016-05-12 09:42:11 [@DESKTOP-DAKR9OR]
Interne #1 : Démarrage queuedmail
2016-05-12 09:44:58 [@DESKTOP-DAKR9OR]
Interne #1 : Démarrage slaticket
2016-05-12 09:45:01 [@DESKTOP-DAKR9OR]
Interne #1 : Démarrage queuedmail
2016-05-12 09:45:55 [@DESKTOP-DAKR9OR]
Interne #1 : Démarrage planningrecall
2016-05-12 09:46:26 [@DESKTOP-DAKR9OR]
Interne #1 : Démarrage queuedmail
2016-05-12 09:47:11 [@DESKTOP-DAKR9OR]
Interne #1 : Démarrage queuedmail
2016-05-12 09:47:50 [@DESKTOP-DAKR9OR]
Interne #1 : Rien à lancer
2016-05-12 09:48:22 [@DESKTOP-DAKR9OR]
Interne #1 : Démarrage queuedmail
2016-05-12 09:48:59 [@DESKTOP-DAKR9OR]
Interne #1 : Rien à lancer
2016-05-12 09:50:09 [@DESKTOP-DAKR9OR]
Interne #1 : Démarrage slaticket
2016-05-12 09:55:30 [@DESKTOP-DAKR9OR]
Interne #1 : Démarrage queuedmail
2016-05-12 09:55:48 [@DESKTOP-DAKR9OR]
Interne #1 : Démarrage planningrecall
2016-05-12 09:55:49 [@DESKTOP-DAKR9OR]
Interne #1 : Démarrage mailgate
2016-05-12 09:55:55 [@DESKTOP-DAKR9OR]
Interne #1 : Démarrage slaticket
2016-05-12 09:56:00 [@DESKTOP-DAKR9OR]
Interne #1 : Démarrage queuedmail
2016-05-12 09:56:20 [@DESKTOP-DAKR9OR]
Interne #1 : Rien à lancer
2016-05-12 09:58:07 [@DESKTOP-DAKR9OR]
Interne #1 : Démarrage queuedmail
2016-05-12 09:58:09 [@DESKTOP-DAKR9OR]
Interne #1 : Rien à lancer
2016-05-12 09:58:47 [@DESKTOP-DAKR9OR]
Interne #1 : Rien à lancer
2016-05-12 09:58:49 [@DESKTOP-DAKR9OR]
Interne #1 : Rien à lancer
2016-05-12 10:00:31 [@DESKTOP-DAKR9OR]
Interne #1 : Démarrage queuedmail
2016-05-12 10:00:33 [@DESKTOP-DAKR9OR]
Interne #1 : Démarrage slaticket
2016-05-12 10:00:36 [@DESKTOP-DAKR9OR]
Interne #1 : Démarrage planningrecall
2016-05-12 10:00:39 [@DESKTOP-DAKR9OR]
Interne #1 : Rien à lancer
2016-05-12 10:00:42 [@DESKTOP-DAKR9OR]
Interne #1 : Rien à lancer
2016-05-12 10:00:45 [@DESKTOP-DAKR9OR]
Interne #1 : Rien à lancer
2016-05-12 10:00:46 [@DESKTOP-DAKR9OR]
Interne #1 : Rien à lancer
2016-05-12 10:00:53 [@DESKTOP-DAKR9OR]
Interne #1 : Rien à lancer
2016-05-12 10:00:56 [@DESKTOP-DAKR9OR]
Interne #1 : Rien à lancer
2016-05-12 10:01:05 [@DESKTOP-DAKR9OR]
Interne #1 : Démarrage queuedmail
2016-05-12 10:01:41 [@DESKTOP-DAKR9OR]
Interne #1 : Rien à lancer
2016-05-12 10:01:43 [@DESKTOP-DAKR9OR]
Interne #1 : Rien à lancer
2016-05-12 10:01:46 [@DESKTOP-DAKR9OR]
Interne #1 : Rien à lancer
2016-05-12 10:02:07 [@DESKTOP-DAKR9OR]
Interne #1 : Démarrage queuedmail
2016-05-12 10:02:51 [@DESKTOP-DAKR9OR]
Interne #1 : Rien à lancer
2016-05-12 10:02:58 [@DESKTOP-DAKR9OR]
Interne #1 : Rien à lancer
2016-05-12 11:59:56 [2@DESKTOP-DAKR9OR]
Internal #1: Launch queuedmail
2016-05-12 12:00:00 [@DESKTOP-DAKR9OR]
Interne #1 : Démarrage mailgate
2016-05-12 12:01:56 [2@DESKTOP-DAKR9OR]
Internal #1: Launch slaticket
2016-05-12 12:02:06 [2@DESKTOP-DAKR9OR]
Internal #1: Launch planningrecall
2016-05-12 12:08:46 [2@DESKTOP-DAKR9OR]
Internal #1: Launch ticketrecurrent
2016-05-12 12:14:45 [2@DESKTOP-DAKR9OR]
Internal #1: Launch temp
2016-05-12 12:15:02 [@DESKTOP-DAKR9OR]
Interne #1 : Démarrage graph
2016-05-12 12:16:12 [@DESKTOP-DAKR9OR]
Interne #1 : Démarrage reservation
2016-05-12 12:16:38 [@DESKTOP-DAKR9OR]
Interne #1 : Démarrage queuedmail
2016-05-12 12:23:14 [2@DESKTOP-DAKR9OR]
Internal #1: Launch slaticket
2016-05-12 12:23:18 [@DESKTOP-DAKR9OR]
Interne #1 : Démarrage planningrecall
2016-05-12 12:24:56 [2@DESKTOP-DAKR9OR]
Internal #1: Launch mailgate
2016-05-12 12:26:17 [@DESKTOP-DAKR9OR]
Interne #1 : Démarrage queuedmail
2016-05-12 12:27:03 [@DESKTOP-DAKR9OR]
Interne #1 : Démarrage queuedmail
2016-05-12 12:30:19 [2@DESKTOP-DAKR9OR]
Internal #1: Launch slaticket
2016-05-12 12:35:21 [2@DESKTOP-DAKR9OR]
Internal #1: Launch planningrecall
2016-05-12 12:42:25 [2@DESKTOP-DAKR9OR]
Internal #1: Launch queuedmail
2016-05-12 12:45:37 [2@DESKTOP-DAKR9OR]
Internal #1: Launch mailgate
2016-05-12 12:47:28 [2@DESKTOP-DAKR9OR]
Internal #1: Launch slaticket
2016-05-12 12:48:59 [@DESKTOP-DAKR9OR]
Interne #1 : Démarrage createinquest
2016-05-12 12:51:03 [2@DESKTOP-DAKR9OR]
Internal #1: Launch planningrecall
2016-05-12 12:56:10 [2@DESKTOP-DAKR9OR]
Internal #1: Launch queuedmail
2016-05-12 13:04:51 [2@DESKTOP-DAKR9OR]
Internal #1: Launch slaticket
2016-05-12 13:10:36 [2@DESKTOP-DAKR9OR]
Internal #1: Launch mailgate
2016-05-12 13:18:30 [2@DESKTOP-DAKR9OR]
Internal #1: Launch planningrecall
2016-05-12 13:24:37 [2@DESKTOP-DAKR9OR]
Internal #1: Launch queuedmail
2016-05-12 13:28:42 [2@DESKTOP-DAKR9OR]
Internal #1: Launch ticketrecurrent
2016-05-12 13:49:06 [2@DESKTOP-DAKR9OR]
Internal #1: Launch slaticket
2016-05-12 13:54:26 [2@DESKTOP-DAKR9OR]
Internal #1: Launch temp
2016-05-12 13:55:20 [2@DESKTOP-DAKR9OR]
Internal #1: Launch graph
2016-05-12 13:55:24 [@DESKTOP-DAKR9OR]
Interne #1 : Démarrage reservation
2016-05-12 13:59:27 [2@DESKTOP-DAKR9OR]
Internal #1: Launch mailgate
2016-05-12 14:08:01 [2@DESKTOP-DAKR9OR]
Internal #1: Launch planningrecall
2016-05-12 14:13:39 [2@DESKTOP-DAKR9OR]
Internal #1: Launch queuedmail
2016-05-12 14:13:57 [2@DESKTOP-DAKR9OR]
Internal #1: Launch slaticket
2016-05-12 14:14:07 [@DESKTOP-DAKR9OR]
Interne #1 : Démarrage mailgate
2016-05-12 14:19:21 [@DESKTOP-DAKR9OR]
Interne #1 : Démarrage planningrecall
2016-05-12 14:21:28 [@DESKTOP-DAKR9OR]
Interne #1 : Démarrage queuedmail
2016-05-12 14:23:13 [2@DESKTOP-DAKR9OR]
Internal #1: Launch slaticket
2016-05-12 14:29:32 [2@DESKTOP-DAKR9OR]
Internal #1: Launch queuedmail
2016-05-12 14:35:08 [2@DESKTOP-DAKR9OR]
Internal #1: Launch mailgate
2016-05-12 14:36:40 [@DESKTOP-DAKR9OR]
Interne #1 : Démarrage planningrecall
2016-05-12 14:36:50 [@DESKTOP-DAKR9OR]
Interne #1 : Démarrage slaticket
2016-05-12 14:42:11 [2@DESKTOP-DAKR9OR]
Internal #1: Launch ticketrecurrent
2016-05-12 14:48:46 [2@DESKTOP-DAKR9OR]
Internal #1: Launch queuedmail
2016-05-12 14:52:54 [2@DESKTOP-DAKR9OR]
Internal #1: Launch slaticket
2016-05-12 14:54:14 [2@DESKTOP-DAKR9OR]
Internal #1: Launch planningrecall
2016-05-12 15:01:33 [2@DESKTOP-DAKR9OR]
Internal #1: Launch mailgate
2016-05-12 15:03:36 [2@DESKTOP-DAKR9OR]
Internal #1: Launch queuedmail
2016-05-12 15:05:37 [@DESKTOP-DAKR9OR]
Interne #1 : Démarrage temp
2016-05-12 15:08:52 [@DESKTOP-DAKR9OR]
Interne #1 : Démarrage graph
2016-05-12 15:09:36 [@DESKTOP-DAKR9OR]
Interne #1 : Démarrage reservation
2016-05-12 15:10:10 [@DESKTOP-DAKR9OR]
Interne #1 : Démarrage slaticket
2016-05-12 15:10:58 [@DESKTOP-DAKR9OR]
Interne #1 : Démarrage watcher
2016-05-12 15:12:32 [@DESKTOP-DAKR9OR]
Interne #1 : Démarrage planningrecall
2016-05-12 15:12:50 [@DESKTOP-DAKR9OR]
Interne #1 : Démarrage queuedmail
2016-05-12 15:12:52 [@DESKTOP-DAKR9OR]
Interne #1 : Démarrage queuedmailclean
2016-05-12 15:13:12 [@DESKTOP-DAKR9OR]
Interne #1 : Démarrage mailgate
2016-05-12 15:13:25 [@DESKTOP-DAKR9OR]
Interne #1 : Démarrage queuedmail
2016-05-12 15:13:55 [@DESKTOP-DAKR9OR]
Interne #1 : Rien à lancer
2016-05-12 15:14:03 [@DESKTOP-DAKR9OR]
Interne #1 : Démarrage queuedmail
2016-05-12 15:20:48 [2@DESKTOP-DAKR9OR]
Internal #1: Launch slaticket
2016-05-12 15:49:46 [@DESKTOP-DAKR9OR]
Interne #1 : Démarrage queuedmail
2016-05-12 16:00:22 [2@DESKTOP-DAKR9OR]
Internal #1: Launch planningrecall
2016-05-12 16:02:04 [2@DESKTOP-DAKR9OR]
Internal #1: Launch mailgate
2016-05-12 16:02:54 [@DESKTOP-DAKR9OR]
Interne #1 : Démarrage slaticket
2016-05-13 07:18:35 [2@DESKTOP-DAKR9OR]
Internal #1: Launch mailgateerror
2016-05-13 07:26:54 [2@DESKTOP-DAKR9OR]
Internal #1: Launch contract
2016-05-13 07:29:30 [@DESKTOP-DAKR9OR]
Interne #1 : Démarrage ticketrecurrent
2016-05-13 07:35:09 [2@DESKTOP-DAKR9OR]
Internal #1: Launch queuedmail
2016-05-13 08:10:32 [2@DESKTOP-DAKR9OR]
Internal #1: Launch planningrecall
2016-05-13 09:01:47 [2@DESKTOP-DAKR9OR]
Internal #1: Launch temp
2016-05-13 09:01:55 [@DESKTOP-DAKR9OR]
Interne #1 : Démarrage slaticket
2016-05-13 09:22:09 [2@DESKTOP-DAKR9OR]
Internal #1: Launch graph
2016-05-13 09:22:11 [@DESKTOP-DAKR9OR]
Interne #1 : Démarrage reservation
2016-05-13 09:27:15 [2@DESKTOP-DAKR9OR]
Internal #1: Launch mailgate
2016-05-13 09:32:20 [2@DESKTOP-DAKR9OR]
Internal #1: Launch closeticket
2016-05-13 09:38:18 [2@DESKTOP-DAKR9OR]
Interne #1 : Démarrage alertnotclosed
2016-05-13 09:39:32 [@DESKTOP-DAKR9OR]
Interne #1 : Démarrage infocom
2016-05-13 09:40:37 [@DESKTOP-DAKR9OR]
Interne #1 : Démarrage session
2016-05-13 09:41:09 [@DESKTOP-DAKR9OR]
Interne #1 : Démarrage queuedmail
2016-05-13 09:41:25 [@DESKTOP-DAKR9OR]
Interne #1 : Démarrage planningrecall
2016-05-13 09:50:31 [2@DESKTOP-DAKR9OR]
Internal #1: Launch ticketrecurrent
2016-05-13 09:51:00 [@DESKTOP-DAKR9OR]
Interne #1 : Démarrage slaticket
2016-05-13 09:56:13 [2@DESKTOP-DAKR9OR]
Internal #1: Launch mailgate
2016-05-13 09:57:02 [@DESKTOP-DAKR9OR]
Interne #1 : Démarrage queuedmail
2016-05-13 11:36:52 [@DESKTOP-DAKR9OR]
Interne #1 : Démarrage planningrecall
2016-05-13 12:31:48 [2@DESKTOP-DAKR9OR]
Internal #1: Launch slaticket
2016-05-13 12:32:02 [@DESKTOP-DAKR9OR]
Interne #1 : Démarrage queuedmail
2016-05-13 12:41:40 [@DESKTOP-DAKR9OR]
Interne #1 : Démarrage temp
