2016-05-02 07:21:51 [2@DESKTOP-DAKR9OR]
[login] 3: glpi se connecte depuis l'IP ::1
2016-05-02 07:24:29 [2@DESKTOP-DAKR9OR]
[login] 3: glpi se connecte depuis l'IP ::1
2016-05-02 09:54:32 [@DESKTOP-DAKR9OR]
[login] 1: Connexion échouée de glpi depuis l'IP ::1
2016-05-02 09:54:41 [@DESKTOP-DAKR9OR]
[login] 3: glpi se connecte depuis l'IP ::1
2016-05-02 13:00:48 [@DESKTOP-DAKR9OR]
[login] 3: glpi se connecte depuis l'IP ::1
2016-05-02 13:19:37 [@DESKTOP-DAKR9OR]
[login] 3: test se connecte depuis l'IP ::1
2016-05-02 13:22:34 [@DESKTOP-DAKR9OR]
[login] 3: glpi se connecte depuis l'IP ::1
2016-05-03 06:41:06 [2@DESKTOP-DAKR9OR]
[login] 3: glpi logged in from IP ::1
2016-05-03 09:07:34 [@DESKTOP-DAKR9OR]
[login] 1: Connexion échouée de root depuis l'IP ::1
2016-05-03 09:07:41 [@DESKTOP-DAKR9OR]
[login] 3: glpi se connecte depuis l'IP ::1
2016-05-03 14:56:05 [@DESKTOP-DAKR9OR]
[login] 3: glpi se connecte depuis l'IP ::1
2016-05-04 07:50:13 [@DESKTOP-DAKR9OR]
[login] 3: glpi se connecte depuis l'IP ::1
2016-05-09 06:44:32 [@DESKTOP-DAKR9OR]
[login] 3: glpi se connecte depuis l'IP ::1
2016-05-11 13:15:41 [4@DESKTOP-DAKR9OR]
[login] 3: tech se connecte depuis l'IP ::1
2016-05-11 13:16:07 [4@DESKTOP-DAKR9OR]
[login] 3: glpi se connecte depuis l'IP ::1
2016-05-12 09:48:51 [@DESKTOP-DAKR9OR]
[login] 3: glpi se connecte depuis l'IP ::1
2016-05-12 10:02:16 [@DESKTOP-DAKR9OR]
[login] 3: glpi se connecte depuis l'IP 192.168.50.21
2016-05-12 10:03:01 [@DESKTOP-DAKR9OR]
[login] 3: glpi se connecte depuis l'IP ::1
2016-05-12 12:00:06 [@DESKTOP-DAKR9OR]
[login] 3: glpi se connecte depuis l'IP ::1
2016-05-12 12:16:14 [@DESKTOP-DAKR9OR]
[login] 3: glpi se connecte depuis l'IP ::1
2016-05-12 12:16:40 [@DESKTOP-DAKR9OR]
[login] 3: glpi se connecte depuis l'IP ::1
2016-05-12 12:23:26 [@DESKTOP-DAKR9OR]
[login] 3: glpi se connecte depuis l'IP 192.168.50.21
2016-05-12 12:26:19 [@DESKTOP-DAKR9OR]
[login] 3: glpi se connecte depuis l'IP 192.168.50.21
2016-05-12 12:27:05 [@DESKTOP-DAKR9OR]
[login] 3: glpi se connecte depuis l'IP ::1
2016-05-12 12:47:34 [@DESKTOP-DAKR9OR]
[login] 3: glpi se connecte depuis l'IP 192.168.50.21
2016-05-12 12:47:43 [2@DESKTOP-DAKR9OR]
[login] 3: glpi logged in from IP 192.168.50.21
2016-05-12 12:49:33 [@DESKTOP-DAKR9OR]
[login] 3: glpi se connecte depuis l'IP 192.168.50.21
2016-05-12 13:55:26 [@DESKTOP-DAKR9OR]
[login] 3: glpi se connecte depuis l'IP 192.168.50.21
2016-05-12 14:15:20 [@DESKTOP-DAKR9OR]
[login] 3: glpi se connecte depuis l'IP 192.168.50.21
2016-05-12 14:19:23 [@DESKTOP-DAKR9OR]
[login] 3: glpi se connecte depuis l'IP 192.168.50.21
2016-05-12 14:21:34 [@DESKTOP-DAKR9OR]
[login] 3: glpi se connecte depuis l'IP ::1
2016-05-12 14:36:42 [@DESKTOP-DAKR9OR]
[login] 3: glpi se connecte depuis l'IP 192.168.50.21
2016-05-12 14:37:06 [@DESKTOP-DAKR9OR]
[login] 3: glpi se connecte depuis l'IP 192.168.50.21
2016-05-12 15:15:25 [@DESKTOP-DAKR9OR]
[login] 3: glpi se connecte depuis l'IP ::1
2016-05-12 15:47:48 [@DESKTOP-DAKR9OR]
[login] 3: glpi se connecte depuis l'IP 192.168.50.21
2016-05-12 15:49:49 [@DESKTOP-DAKR9OR]
[login] 3: glpi se connecte depuis l'IP ::1
2016-05-12 16:03:04 [@DESKTOP-DAKR9OR]
[login] 3: glpi se connecte depuis l'IP 192.168.50.21
2016-05-13 07:26:56 [2@DESKTOP-DAKR9OR]
[login] 3: glpi logged in from IP ::1
2016-05-13 07:28:00 [3@DESKTOP-DAKR9OR]
[login] 3: post-only logged in from IP ::1
2016-05-13 07:29:31 [@DESKTOP-DAKR9OR]
[login] 3: glpi se connecte depuis l'IP ::1
2016-05-13 09:02:02 [@DESKTOP-DAKR9OR]
[login] 3: glpi se connecte depuis l'IP 192.168.50.21
2016-05-13 09:39:36 [@DESKTOP-DAKR9OR]
[login] 3: tech se connecte depuis l'IP ::1
2016-05-13 09:40:47 [@DESKTOP-DAKR9OR]
[login] 3: glpi se connecte depuis l'IP ::1
2016-05-13 09:41:15 [5@DESKTOP-DAKR9OR]
[login] 3: normal se connecte depuis l'IP ::1
2016-05-13 09:41:31 [@DESKTOP-DAKR9OR]
[login] 3: glpi se connecte depuis l'IP ::1
2016-05-13 09:51:04 [@DESKTOP-DAKR9OR]
[login] 3: glpi se connecte depuis l'IP ::1
2016-05-13 09:57:05 [@DESKTOP-DAKR9OR]
[login] 3: glpi se connecte depuis l'IP ::1
2016-05-13 11:37:11 [@DESKTOP-DAKR9OR]
[login] 3: glpi se connecte depuis l'IP 192.168.50.11
2016-05-13 11:37:29 [2@DESKTOP-DAKR9OR]
[login] 1: Failed login for  from IP 192.168.50.11
2016-05-13 12:32:07 [@DESKTOP-DAKR9OR]
[login] 3: glpi se connecte depuis l'IP ::1
2016-05-13 12:41:42 [@DESKTOP-DAKR9OR]
[login] 3: glpi se connecte depuis l'IP 192.168.50.21
